<?xml version="1.0" encoding="UTF-8"?>
<!-- Generated by org.testng.reporters.JUnitReportReporter -->
<testsuite hostname="DESKTOP-9BKL3RL" failures="0" tests="4" name="SignUpTests" time="36.025" errors="0" timestamp="2024-03-02T16:53:04 EET" skipped="0">
  <testcase classname="SignUpTests" name="SignupClicking" time="6.732"/>
  <testcase classname="SignUpTests" name="SignUpFromJson" time="9.424"/>
  <testcase classname="SignUpTests" name="Continue" time="12.614"/>
  <testcase classname="SignUpTests" name="SignOut" time="7.255"/>
</testsuite> <!-- SignUpTests -->
